Using pre-set license
Built from '2020.3/release' branch; Version is '2020.3.1f1 (77a89f25062f) revision 7841951'; Using compiler version '192528614'; Build Type 'Release'
OS: 'Windows 10 Home; OS build 19042.1165; Version 2009; 64bit' Language: 'en' Physical Memory: 8005 MB
BatchMode: 1, IsHumanControllingUs: 0, StartBugReporterOnCrash: 0, Is64bit: 1, IsPro: 0

 COMMAND LINE ARGUMENTS:
C:\Program Files\Unity\Hub\Editor\2020.3.1f1\Editor\Unity.exe
-adb2
-batchMode
-noUpm
-name
AssetImportWorker0
-projectPath
C:/Users/student_65/Desktop/Holberton/holbertonschool-unity/0x09-unity_ar_business_card
-logFile
Logs/AssetImportWorker0.log
-srvPort
57372
Successfully changed project path to: C:/Users/student_65/Desktop/Holberton/holbertonschool-unity/0x09-unity_ar_business_card
C:/Users/student_65/Desktop/Holberton/holbertonschool-unity/0x09-unity_ar_business_card
Using Asset Import Pipeline V2.
Refreshing native plugins compatible for Editor in 39.61 ms, found 2 plugins.
Preloading 1 native plugins for Editor in 1.44 ms.
Initialize engine version: 2020.3.1f1 (77a89f25062f)
[Subsystems] Discovering subsystems at path C:/Program Files/Unity/Hub/Editor/2020.3.1f1/Editor/Data/Resources/UnitySubsystems
[Subsystems] Discovering subsystems at path C:/Users/student_65/Desktop/Holberton/holbertonschool-unity/0x09-unity_ar_business_card/Assets
GfxDevice: creating device client; threaded=0
Direct3D:
    Version:  Direct3D 11.0 [level 11.1]
    Renderer: Intel(R) UHD Graphics 620 (ID=0x3ea0)
    Vendor:   
    VRAM:     4002 MB
    Driver:   26.20.100.7323
Shader 'PointClouds/PointSplat': fallback shader 'PointClouds/PointSplatLegacy' not found
Initialize mono
Mono path[0] = 'C:/Program Files/Unity/Hub/Editor/2020.3.1f1/Editor/Data/Managed'
Mono path[1] = 'C:/Program Files/Unity/Hub/Editor/2020.3.1f1/Editor/Data/MonoBleedingEdge/lib/mono/unityjit'
Mono config path = 'C:/Program Files/Unity/Hub/Editor/2020.3.1f1/Editor/Data/MonoBleedingEdge/etc'
Using monoOptions --debugger-agent=transport=dt_socket,embedding=1,server=y,suspend=n,address=127.0.0.1:56784
Begin MonoManager ReloadAssembly
Registering precompiled unity dll's ...
Register platform support module: C:/Program Files/Unity/Hub/Editor/2020.3.1f1/Editor/Data/PlaybackEngines/WebGLSupport/UnityEditor.WebGL.Extensions.dll
Register platform support module: C:/Program Files/Unity/Hub/Editor/2020.3.1f1/Editor/Data/PlaybackEngines/WindowsStandaloneSupport/UnityEditor.WindowsStandalone.Extensions.dll
Registered in 0.003542 seconds.
Native extension for WindowsStandalone target not found
Native extension for WebGL target not found
Refreshing native plugins compatible for Editor in 34.57 ms, found 2 plugins.
Preloading 1 native plugins for Editor in 0.10 ms.
Invoked RoslynAnalysisRunner static constructor.
RoslynAnalysisRunner will not be running.
RoslynAnalysisRunner has terminated.
Mono: successfully reloaded assembly
- Completed reload, in  2.517 seconds
Platform modules already initialized, skipping
Registering precompiled user dll's ...
Registered in 0.006524 seconds.
Begin MonoManager ReloadAssembly
Native extension for WindowsStandalone target not found
Native extension for WebGL target not found
Refreshing native plugins compatible for Editor in 0.50 ms, found 2 plugins.
Preloading 1 native plugins for Editor in 0.12 ms.
System.NullReferenceException: Object reference not set to an instance of an object
  at Vuforia.EditorClasses.ExtensionTypeProvider.GetVuforiaPackageAbsPath () [0x0004a] in <d3e3611e09164266b01b2e2ee0bae4b4>:0 
  at Vuforia.EditorClasses.ExtensionTypeProvider.IsPackageManager () [0x00000] in <d3e3611e09164266b01b2e2ee0bae4b4>:0 
  at Vuforia.EditorClasses.ExtensionTypeProvider.ResolvePluginType () [0x00009] in <d3e3611e09164266b01b2e2ee0bae4b4>:0 
  at Vuforia.EditorClasses.ExtensionTypeProvider.GetPluginType () [0x0000c] in <d3e3611e09164266b01b2e2ee0bae4b4>:0 
  at Vuforia.EditorClasses.VuforiaUtilities.IsVuforiaEnabledInPlayerSettings () [0x00000] in <d3e3611e09164266b01b2e2ee0bae4b4>:0 
  at VuforiaEnabledObserver..cctor () [0x00000] in <d3e3611e09164266b01b2e2ee0bae4b4>:0 
UnityEngine.StackTraceUtility:ExtractStackTrace ()
UnityEngine.DebugLogHandler:LogFormat (UnityEngine.LogType,UnityEngine.Object,string,object[])
UnityEngine.Logger:Log (UnityEngine.LogType,object)
UnityEngine.Debug:LogError (object)
UnityEditor.EditorAssemblies:ProcessInitializeOnLoadAttributes (System.Type[])

System.NullReferenceException: Object reference not set to an instance of an object
  at Vuforia.EditorClasses.ExtensionTypeProvider.GetVuforiaPackageAbsPath () [0x0004a] in <d3e3611e09164266b01b2e2ee0bae4b4>:0 
  at Vuforia.EditorClasses.ExtensionTypeProvider.IsPackageManager () [0x00000] in <d3e3611e09164266b01b2e2ee0bae4b4>:0 
  at Vuforia.EditorClasses.ExtensionTypeProvider.ResolvePluginType () [0x00009] in <d3e3611e09164266b01b2e2ee0bae4b4>:0 
  at Vuforia.EditorClasses.ExtensionTypeProvider.GetPluginType () [0x0000c] in <d3e3611e09164266b01b2e2ee0bae4b4>:0 
  at Vuforia.EditorClasses.VuforiaUtilities.IsVuforiaEnabledInPlayerSettings () [0x00000] in <d3e3611e09164266b01b2e2ee0bae4b4>:0 
  at Vuforia.EditorClasses.InitializeOnLoadVuforiaTaskRunner..cctor () [0x00015] in <d3e3611e09164266b01b2e2ee0bae4b4>:0 
UnityEngine.StackTraceUtility:ExtractStackTrace ()
UnityEngine.DebugLogHandler:LogFormat (UnityEngine.LogType,UnityEngine.Object,string,object[])
UnityEngine.Logger:Log (UnityEngine.LogType,object)
UnityEngine.Debug:LogError (object)
UnityEditor.EditorAssemblies:ProcessInitializeOnLoadAttributes (System.Type[])

Invoked RoslynAnalysisRunner static constructor.
RoslynAnalysisRunner will not be running.
RoslynAnalysisRunner has terminated.
Mono: successfully reloaded assembly
- Completed reload, in  1.116 seconds
Platform modules already initialized, skipping
========================================================================
Worker process is ready to serve import requests
Shader 'PointClouds/PointSplat': fallback shader 'PointClouds/PointSplatLegacy' not found
Launched and connected shader compiler UnityShaderCompiler.exe after 0.05 seconds
Refreshing native plugins compatible for Editor in 0.43 ms, found 2 plugins.
Preloading 1 native plugins for Editor in 0.10 ms.
Unloading 1162 Unused Serialized files (Serialized files now loaded: 0)
System memory in use before: 61.2 MB.
System memory in use after: 61.2 MB.

Unloading 37 unused Assets to reduce memory usage. Loaded Objects now: 1861.
Total: 2.061400 ms (FindLiveObjects: 0.167900 ms CreateObjectMapping: 0.044000 ms MarkObjects: 1.779100 ms  DeleteObjects: 0.069400 ms)

========================================================================
Received Import Request.
  path: Assets/juandavidsuarez.png
  artifactKey: Guid(5fa4247e646b49a49860901f16eb693b) Importer(815301076,1909f56bfc062723c751e8b465ee728b)
Start importing Assets/juandavidsuarez.png using Guid(5fa4247e646b49a49860901f16eb693b) Importer(815301076,1909f56bfc062723c751e8b465ee728b)  -> (artifact id: '3c76756ffcfda62d565223730e7c4e95') in 0.187684 seconds
  Import took 0.198105 seconds .

========================================================================
Received Import Request.
  Time since last request: 0.000398 seconds.
  path: Assets/twitter.png
  artifactKey: Guid(9fbfc9d653bed564480f4f83c77f105b) Importer(815301076,1909f56bfc062723c751e8b465ee728b)
Start importing Assets/twitter.png using Guid(9fbfc9d653bed564480f4f83c77f105b) Importer(815301076,1909f56bfc062723c751e8b465ee728b)  -> (artifact id: 'cd2c82776896b47f0e583e6e6c75e946') in 0.022836 seconds
  Import took 0.026146 seconds .

========================================================================
Received Import Request.
  Time since last request: 0.000758 seconds.
  path: Assets/linkedin.png
  artifactKey: Guid(1de179ed592fc284d8943e748a312f8c) Importer(815301076,1909f56bfc062723c751e8b465ee728b)
Start importing Assets/linkedin.png using Guid(1de179ed592fc284d8943e748a312f8c) Importer(815301076,1909f56bfc062723c751e8b465ee728b)  -> (artifact id: 'b096ee7016ce40a187559c2252a137ae') in 0.023139 seconds
  Import took 0.028231 seconds .

========================================================================
Received Import Request.
  Time since last request: 0.000316 seconds.
  path: Assets/youtube.png
  artifactKey: Guid(a18db87d23be763468c1ed0f00f0a3fd) Importer(815301076,1909f56bfc062723c751e8b465ee728b)
Start importing Assets/youtube.png using Guid(a18db87d23be763468c1ed0f00f0a3fd) Importer(815301076,1909f56bfc062723c751e8b465ee728b)  -> (artifact id: '8369a4b62ff3b9321f77debaacc2260b') in 0.021982 seconds
  Import took 0.025651 seconds .

========================================================================
Received Import Request.
  Time since last request: 0.000301 seconds.
  path: Assets/github.png
  artifactKey: Guid(6bbe44eeb48e4b74da73f019df21575c) Importer(815301076,1909f56bfc062723c751e8b465ee728b)
Start importing Assets/github.png using Guid(6bbe44eeb48e4b74da73f019df21575c) Importer(815301076,1909f56bfc062723c751e8b465ee728b)  -> (artifact id: '4fdad6487321de10acdfabf10a7db858') in 0.024335 seconds
  Import took 0.027903 seconds .

========================================================================
Received Import Request.
  Time since last request: 11.109081 seconds.
  path: Assets/281769.png
  artifactKey: Guid(224db2d3852e7e74f952d26631ed1e70) Importer(815301076,1909f56bfc062723c751e8b465ee728b)
Start importing Assets/281769.png using Guid(224db2d3852e7e74f952d26631ed1e70) Importer(815301076,1909f56bfc062723c751e8b465ee728b)  -> (artifact id: 'dc36abdaa233eee664568b0903a90dc9') in 0.035546 seconds
  Import took 0.040285 seconds .

========================================================================
Received Import Request.
  Time since last request: 12.689835 seconds.
  path: Assets/281769.png
  artifactKey: Guid(224db2d3852e7e74f952d26631ed1e70) Importer(815301076,1909f56bfc062723c751e8b465ee728b)
Start importing Assets/281769.png using Guid(224db2d3852e7e74f952d26631ed1e70) Importer(815301076,1909f56bfc062723c751e8b465ee728b)  -> (artifact id: '6811f0d030d0ddb2ed9b5953b963d3d6') in 0.021313 seconds
  Import took 0.024705 seconds .

========================================================================
Received Prepare
Registering precompiled user dll's ...
Registered in 0.022125 seconds.
Begin MonoManager ReloadAssembly
Native extension for WindowsStandalone target not found
Native extension for WebGL target not found
Refreshing native plugins compatible for Editor in 0.41 ms, found 2 plugins.
Preloading 1 native plugins for Editor in 0.10 ms.
System.NullReferenceException: Object reference not set to an instance of an object
  at Vuforia.EditorClasses.ExtensionTypeProvider.GetVuforiaPackageAbsPath () [0x0004a] in <d3e3611e09164266b01b2e2ee0bae4b4>:0 
  at Vuforia.EditorClasses.ExtensionTypeProvider.IsPackageManager () [0x00000] in <d3e3611e09164266b01b2e2ee0bae4b4>:0 
  at Vuforia.EditorClasses.ExtensionTypeProvider.ResolvePluginType () [0x00009] in <d3e3611e09164266b01b2e2ee0bae4b4>:0 
  at Vuforia.EditorClasses.ExtensionTypeProvider.GetPluginType () [0x0000c] in <d3e3611e09164266b01b2e2ee0bae4b4>:0 
  at Vuforia.EditorClasses.VuforiaUtilities.IsVuforiaEnabledInPlayerSettings () [0x00000] in <d3e3611e09164266b01b2e2ee0bae4b4>:0 
  at VuforiaEnabledObserver..cctor () [0x00000] in <d3e3611e09164266b01b2e2ee0bae4b4>:0 
UnityEngine.StackTraceUtility:ExtractStackTrace ()
UnityEngine.DebugLogHandler:LogFormat (UnityEngine.LogType,UnityEngine.Object,string,object[])
UnityEngine.Logger:Log (UnityEngine.LogType,object)
UnityEngine.Debug:LogError (object)
UnityEditor.EditorAssemblies:ProcessInitializeOnLoadAttributes (System.Type[])

System.NullReferenceException: Object reference not set to an instance of an object
  at Vuforia.EditorClasses.ExtensionTypeProvider.GetVuforiaPackageAbsPath () [0x0004a] in <d3e3611e09164266b01b2e2ee0bae4b4>:0 
  at Vuforia.EditorClasses.ExtensionTypeProvider.IsPackageManager () [0x00000] in <d3e3611e09164266b01b2e2ee0bae4b4>:0 
  at Vuforia.EditorClasses.ExtensionTypeProvider.ResolvePluginType () [0x00009] in <d3e3611e09164266b01b2e2ee0bae4b4>:0 
  at Vuforia.EditorClasses.ExtensionTypeProvider.GetPluginType () [0x0000c] in <d3e3611e09164266b01b2e2ee0bae4b4>:0 
  at Vuforia.EditorClasses.VuforiaUtilities.IsVuforiaEnabledInPlayerSettings () [0x00000] in <d3e3611e09164266b01b2e2ee0bae4b4>:0 
  at Vuforia.EditorClasses.InitializeOnLoadVuforiaTaskRunner..cctor () [0x00015] in <d3e3611e09164266b01b2e2ee0bae4b4>:0 
UnityEngine.StackTraceUtility:ExtractStackTrace ()
UnityEngine.DebugLogHandler:LogFormat (UnityEngine.LogType,UnityEngine.Object,string,object[])
UnityEngine.Logger:Log (UnityEngine.LogType,object)
UnityEngine.Debug:LogError (object)
UnityEditor.EditorAssemblies:ProcessInitializeOnLoadAttributes (System.Type[])

Invoked RoslynAnalysisRunner static constructor.
RoslynAnalysisRunner will not be running.
RoslynAnalysisRunner has terminated.
Mono: successfully reloaded assembly
- Completed reload, in  0.863 seconds
Platform modules already initialized, skipping
Switching build target platform(5) subTarget(0) extendedPlatform(0) -> platform(13) subTarget(537395200) extendedPlatform(0)
Shader 'PointClouds/PointSplat': fallback shader 'PointClouds/PointSplatLegacy' not found
Refreshing native plugins compatible for Editor in 0.43 ms, found 2 plugins.
Preloading 1 native plugins for Editor in 0.08 ms.
Unloading 1148 Unused Serialized files (Serialized files now loaded: 0)
System memory in use before: 63.2 MB.
System memory in use after: 63.3 MB.

Unloading 32 unused Assets to reduce memory usage. Loaded Objects now: 1870.
Total: 1.972400 ms (FindLiveObjects: 0.262500 ms CreateObjectMapping: 0.088400 ms MarkObjects: 1.596800 ms  DeleteObjects: 0.022900 ms)

AssetImportParameters requested are different than current active one (requested -> active):
  custom:graphics/normal-map-encoding: 01000000000000000000000000000000 -> 02000000000000000000000000000000
========================================================================
Received Import Request.
  Time since last request: 125.641047 seconds.
  path: Assets/TargetScript.cs
  artifactKey: Guid(f770efa1486cbaa41b21b5824107c4ab) Importer(815301076,1909f56bfc062723c751e8b465ee728b)
Start importing Assets/TargetScript.cs using Guid(f770efa1486cbaa41b21b5824107c4ab) Importer(815301076,1909f56bfc062723c751e8b465ee728b)  -> (artifact id: '6659f03edfc65e7bf2800adc2aa553ea') in 0.010923 seconds
  Import took 0.013448 seconds .

========================================================================
Received Import Request.
  Time since last request: 2.958752 seconds.
  path: Assets/TargetScript.cs
  artifactKey: Guid(f770efa1486cbaa41b21b5824107c4ab) Importer(815301076,1909f56bfc062723c751e8b465ee728b)
Start importing Assets/TargetScript.cs using Guid(f770efa1486cbaa41b21b5824107c4ab) Importer(815301076,1909f56bfc062723c751e8b465ee728b)  -> (artifact id: '6659f03edfc65e7bf2800adc2aa553ea') in 0.002962 seconds
  Import took 0.005059 seconds .

========================================================================
Received Prepare
Registering precompiled user dll's ...
Registered in 0.007226 seconds.
Begin MonoManager ReloadAssembly
Native extension for WindowsStandalone target not found
Native extension for WebGL target not found
Refreshing native plugins compatible for Editor in 0.45 ms, found 2 plugins.
Preloading 1 native plugins for Editor in 0.10 ms.
System.NullReferenceException: Object reference not set to an instance of an object
  at Vuforia.EditorClasses.ExtensionTypeProvider.GetVuforiaPackageAbsPath () [0x0004a] in <d3e3611e09164266b01b2e2ee0bae4b4>:0 
  at Vuforia.EditorClasses.ExtensionTypeProvider.IsPackageManager () [0x00000] in <d3e3611e09164266b01b2e2ee0bae4b4>:0 
  at Vuforia.EditorClasses.ExtensionTypeProvider.ResolvePluginType () [0x00009] in <d3e3611e09164266b01b2e2ee0bae4b4>:0 
  at Vuforia.EditorClasses.ExtensionTypeProvider.GetPluginType () [0x0000c] in <d3e3611e09164266b01b2e2ee0bae4b4>:0 
  at Vuforia.EditorClasses.VuforiaUtilities.IsVuforiaEnabledInPlayerSettings () [0x00000] in <d3e3611e09164266b01b2e2ee0bae4b4>:0 
  at VuforiaEnabledObserver..cctor () [0x00000] in <d3e3611e09164266b01b2e2ee0bae4b4>:0 
UnityEngine.StackTraceUtility:ExtractStackTrace ()
UnityEngine.DebugLogHandler:LogFormat (UnityEngine.LogType,UnityEngine.Object,string,object[])
UnityEngine.Logger:Log (UnityEngine.LogType,object)
UnityEngine.Debug:LogError (object)
UnityEditor.EditorAssemblies:ProcessInitializeOnLoadAttributes (System.Type[])

System.NullReferenceException: Object reference not set to an instance of an object
  at Vuforia.EditorClasses.ExtensionTypeProvider.GetVuforiaPackageAbsPath () [0x0004a] in <d3e3611e09164266b01b2e2ee0bae4b4>:0 
  at Vuforia.EditorClasses.ExtensionTypeProvider.IsPackageManager () [0x00000] in <d3e3611e09164266b01b2e2ee0bae4b4>:0 
  at Vuforia.EditorClasses.ExtensionTypeProvider.ResolvePluginType () [0x00009] in <d3e3611e09164266b01b2e2ee0bae4b4>:0 
  at Vuforia.EditorClasses.ExtensionTypeProvider.GetPluginType () [0x0000c] in <d3e3611e09164266b01b2e2ee0bae4b4>:0 
  at Vuforia.EditorClasses.VuforiaUtilities.IsVuforiaEnabledInPlayerSettings () [0x00000] in <d3e3611e09164266b01b2e2ee0bae4b4>:0 
  at Vuforia.EditorClasses.InitializeOnLoadVuforiaTaskRunner..cctor () [0x00015] in <d3e3611e09164266b01b2e2ee0bae4b4>:0 
UnityEngine.StackTraceUtility:ExtractStackTrace ()
UnityEngine.DebugLogHandler:LogFormat (UnityEngine.LogType,UnityEngine.Object,string,object[])
UnityEngine.Logger:Log (UnityEngine.LogType,object)
UnityEngine.Debug:LogError (object)
UnityEditor.EditorAssemblies:ProcessInitializeOnLoadAttributes (System.Type[])

Invoked RoslynAnalysisRunner static constructor.
RoslynAnalysisRunner will not be running.
RoslynAnalysisRunner has terminated.
Mono: successfully reloaded assembly
- Completed reload, in  0.949 seconds
Platform modules already initialized, skipping
Switching build target platform(5) subTarget(0) extendedPlatform(0) -> platform(13) subTarget(537395200) extendedPlatform(0)
Shader 'PointClouds/PointSplat': fallback shader 'PointClouds/PointSplatLegacy' not found
Refreshing native plugins compatible for Editor in 0.53 ms, found 2 plugins.
Preloading 1 native plugins for Editor in 0.13 ms.
Unloading 1148 Unused Serialized files (Serialized files now loaded: 0)
System memory in use before: 63.3 MB.
System memory in use after: 63.3 MB.

Unloading 32 unused Assets to reduce memory usage. Loaded Objects now: 1873.
Total: 2.364700 ms (FindLiveObjects: 0.176700 ms CreateObjectMapping: 0.059600 ms MarkObjects: 2.097400 ms  DeleteObjects: 0.029600 ms)

AssetImportParameters requested are different than current active one (requested -> active):
  custom:graphics/normal-map-encoding: 01000000000000000000000000000000 -> 02000000000000000000000000000000
========================================================================
Received Prepare
Shader 'PointClouds/PointSplat': fallback shader 'PointClouds/PointSplatLegacy' not found
Refreshing native plugins compatible for Editor in 24.45 ms, found 2 plugins.
Preloading 1 native plugins for Editor in 0.23 ms.
Unloading 30 Unused Serialized files (Serialized files now loaded: 0)
System memory in use before: 40.9 MB.
System memory in use after: 41.0 MB.

Unloading 30 unused Assets to reduce memory usage. Loaded Objects now: 1873.
Total: 124.394300 ms (FindLiveObjects: 1.624000 ms CreateObjectMapping: 0.106700 ms MarkObjects: 122.614700 ms  DeleteObjects: 0.043800 ms)

========================================================================
Received Import Request.
  Time since last request: 13161.223433 seconds.
  path: Assets/linkedin.png
  artifactKey: Guid(1de179ed592fc284d8943e748a312f8c) Importer(815301076,1909f56bfc062723c751e8b465ee728b)
Start importing Assets/linkedin.png using Guid(1de179ed592fc284d8943e748a312f8c) Importer(815301076,1909f56bfc062723c751e8b465ee728b)  -> (artifact id: 'e7022edc90eb6078dce51ce86b9f764f') in 0.646212 seconds
  Import took 0.694302 seconds .

========================================================================
Received Import Request.
  Time since last request: 0.000430 seconds.
  path: Assets/281769.png
  artifactKey: Guid(224db2d3852e7e74f952d26631ed1e70) Importer(815301076,1909f56bfc062723c751e8b465ee728b)
Start importing Assets/281769.png using Guid(224db2d3852e7e74f952d26631ed1e70) Importer(815301076,1909f56bfc062723c751e8b465ee728b)  -> (artifact id: 'b2dd690de0224df323b18b9ecd796eac') in 0.049915 seconds
  Import took 0.055150 seconds .

========================================================================
Received Import Request.
  Time since last request: 0.000516 seconds.
  path: Assets/juandavidsuarez.png
  artifactKey: Guid(5fa4247e646b49a49860901f16eb693b) Importer(815301076,1909f56bfc062723c751e8b465ee728b)
Start importing Assets/juandavidsuarez.png using Guid(5fa4247e646b49a49860901f16eb693b) Importer(815301076,1909f56bfc062723c751e8b465ee728b)  -> (artifact id: 'f01a30790a12cec8c810421d6b199544') in 0.051915 seconds
  Import took 0.058597 seconds .

========================================================================
Received Import Request.
  Time since last request: 0.000434 seconds.
  path: Assets/281769.png
  artifactKey: Guid(224db2d3852e7e74f952d26631ed1e70) Importer(815301076,1909f56bfc062723c751e8b465ee728b)
Start importing Assets/281769.png using Guid(224db2d3852e7e74f952d26631ed1e70) Importer(815301076,1909f56bfc062723c751e8b465ee728b)  -> (artifact id: 'b2dd690de0224df323b18b9ecd796eac') in 0.033896 seconds
  Import took 0.041322 seconds .

========================================================================
Received Import Request.
  Time since last request: 0.000312 seconds.
  path: Assets/twitter.png
  artifactKey: Guid(9fbfc9d653bed564480f4f83c77f105b) Importer(815301076,1909f56bfc062723c751e8b465ee728b)
Start importing Assets/twitter.png using Guid(9fbfc9d653bed564480f4f83c77f105b) Importer(815301076,1909f56bfc062723c751e8b465ee728b)  -> (artifact id: 'd0da4397024c4df8be5264eb413f8f60') in 0.052312 seconds
  Import took 0.056943 seconds .

========================================================================
Received Import Request.
  Time since last request: 0.000750 seconds.
  path: Assets/youtube.png
  artifactKey: Guid(a18db87d23be763468c1ed0f00f0a3fd) Importer(815301076,1909f56bfc062723c751e8b465ee728b)
Start importing Assets/youtube.png using Guid(a18db87d23be763468c1ed0f00f0a3fd) Importer(815301076,1909f56bfc062723c751e8b465ee728b)  -> (artifact id: '9f931edbcda56aeb9b718fe4c521dcf6') in 0.050695 seconds
  Import took 0.055200 seconds .

========================================================================
Received Import Request.
  Time since last request: 0.000325 seconds.
  path: Assets/github.png
  artifactKey: Guid(6bbe44eeb48e4b74da73f019df21575c) Importer(815301076,1909f56bfc062723c751e8b465ee728b)
Start importing Assets/github.png using Guid(6bbe44eeb48e4b74da73f019df21575c) Importer(815301076,1909f56bfc062723c751e8b465ee728b)  -> (artifact id: '3eee2541779b79ccc11a4b81bff6bf7e') in 0.080482 seconds
  Import took 0.089242 seconds .

========================================================================
Received Prepare
Shader 'PointClouds/PointSplat': fallback shader 'PointClouds/PointSplatLegacy' not found
Refreshing native plugins compatible for Editor in 44.69 ms, found 2 plugins.
Preloading 1 native plugins for Editor in 0.27 ms.
Unloading 30 Unused Serialized files (Serialized files now loaded: 0)
System memory in use before: 41.0 MB.
System memory in use after: 41.1 MB.

Unloading 30 unused Assets to reduce memory usage. Loaded Objects now: 1874.
Total: 9.150000 ms (FindLiveObjects: 1.041700 ms CreateObjectMapping: 0.932700 ms MarkObjects: 7.105400 ms  DeleteObjects: 0.063700 ms)

AssetImportWorkerClient::OnTransportError - code=2 error=End of file
